<?xml version="1.0" encoding="UTF-8"?>
<!-- Generated by org.testng.reporters.JUnitReportReporter -->
<testsuite hostname="LAPTOP-O03F5P6F" failures="0" tests="1" name="AmazonePractice" time="6.415" errors="0" timestamp="2024-06-20T22:04:06 IST" skipped="0">
  <testcase classname="AmazonePractice" name="clickOnCart" time="6.415"/>
  <system-out/>
</testsuite> <!-- AmazonePractice -->
