<?xml version="1.0" encoding="UTF-8"?>
<!-- Generated by org.testng.reporters.JUnitReportReporter -->
<testsuite hostname="LAPTOP-O03F5P6F" failures="0" tests="1" name="TestNGTest.RedBus" time="10.219" errors="0" timestamp="2024-06-05T23:12:34 IST" skipped="0">
  <testcase classname="TestNGTest.RedBus" name="redBus" time="10.219"/>
  <system-out/>
</testsuite> <!-- TestNGTest.RedBus -->
