<?xml version="1.0" encoding="UTF-8"?>
<!-- Generated by org.testng.reporters.JUnitReportReporter -->
<testsuite hostname="LAPTOP-O03F5P6F" failures="0" tests="1" name="TestNGTest.RetryAnalyzerTest" time="0.014" errors="0" timestamp="2024-06-05T16:29:52 IST" skipped="0">
  <testcase classname="TestNGTest.RetryAnalyzerTest" name="retry" time="0.014"/>
  <system-out/>
</testsuite> <!-- TestNGTest.RetryAnalyzerTest -->
