<?xml version="1.0" encoding="UTF-8"?>
<!-- Generated by org.testng.reporters.JUnitReportReporter -->
<testsuite hostname="LAPTOP-O03F5P6F" failures="0" tests="1" name="SeleniumGrid" time="6.913" errors="0" timestamp="2024-08-23T11:05:52 IST" skipped="0">
  <testcase classname="SeleniumGrid" name="testGrid" time="6.913"/>
  <system-out/>
</testsuite> <!-- SeleniumGrid -->
